
> mojin-ai@0.1.0 dev
> next dev

▲ Next.js 16.1.6 (Turbopack)
- Local:         http://localhost:3000
- Network:       http://192.168.3.73:3000
- Environments: .env

✓ Starting...
✓ Ready in 1041ms
 GET / 200 in 886ms (compile: 760ms, render: 125ms)
 POST / 200 in 50ms (compile: 5ms, render: 45ms)
 GET /sw.js 404 in 68ms (compile: 35ms, render: 33ms)
 GET /api/proxy/search?q=%20xin%20dong 200 in 3.1s (compile: 41ms, render: 3.0s)
 GET /api/proxy/search?q=%20%E5%BF%83%E5%8A%A8 200 in 3.0s (compile: 1749µs, render: 3.0s)
 POST / 200 in 222ms (compile: 1707µs, render: 220ms)
 GET /report/02400.HK 200 in 534ms (compile: 515ms, render: 20ms)
 POST /report/02400.HK 200 in 53ms (compile: 13ms, render: 40ms)
 POST /report/02400.HK 200 in 12ms (compile: 5ms, render: 7ms)
 GET /report/02400.HK 200 in 158ms (compile: 14ms, render: 145ms)
✓ Compiled in 74ms
✓ Compiled in 71ms
 GET /sw.js 404 in 34ms (compile: 9ms, render: 25ms)
 GET /report/02400.HK 200 in 157ms (compile: 127ms, render: 30ms)
 GET / 200 in 37ms (compile: 7ms, render: 30ms)
 POST / 200 in 14ms (compile: 4ms, render: 10ms)
 GET /sw.js 404 in 19ms (compile: 4ms, render: 15ms)
 POST / 200 in 236ms (compile: 1352µs, render: 235ms)
 GET /report/600519.SH 200 in 18ms (compile: 4ms, render: 14ms)
 POST /report/600519.SH 200 in 69ms (compile: 3ms, render: 66ms)
 POST /report/600519.SH 200 in 17ms (compile: 4ms, render: 13ms)
 GET /api/proxy/search?q=%E8%8C%85%E5%8F%B0 200 in 3.0s (compile: 1507µs, render: 3.0s)
✓ Compiled in 67ms
✓ Compiled in 83ms
 GET / 200 in 33ms (compile: 4ms, render: 29ms)
 POST / 200 in 12ms (compile: 3ms, render: 10ms)
 POST / 200 in 270ms (compile: 3ms, render: 267ms)
 GET /report/600519.SH 200 in 116ms (compile: 80ms, render: 36ms)
 POST /report/600519.SH 200 in 27ms (compile: 6ms, render: 21ms)
 POST /report/600519.SH 200 in 10ms (compile: 4ms, render: 5ms)
 POST /report/600519.SH 200 in 17ms (compile: 6ms, render: 11ms)
 POST /report/600519.SH 200 in 12ms (compile: 3ms, render: 9ms)
 GET /api/proxy/search?q=mao%20tai 200 in 3.0s (compile: 3ms, render: 3.0s)
 GET /api/proxy/search?q=%E8%8C%85%E5%8F%B0 200 in 3.0s (compile: 1271µs, render: 3.0s)
[Mock SMS] Sending code 1234 to 18017588997
 POST /report/600519.SH 200 in 510ms (compile: 3ms, render: 506ms)
prisma:query db.User.aggregate([ { $match: { $expr: { $and: [ { $and: [ { $and: [ { $eq: [ "$phone", { $literal: "18017588997", }, ], }, { $ne: [ "$phone", "$$REMOVE", ], }, ], }, ], }, { }, ], }, }, }, { $project: { _id: 1, phone: 1, createdAt: 1, updatedAt: 1, freeQuotaUsed: 1, isVip: 1, vipExpireDate: 1, }, }, ])
prisma:query db.User.insertOne({ phone: "18017588997", createdAt: DateTime("2026-02-01 10:08:55.483 +00:00:00"), updatedAt: DateTime("2026-02-01 10:08:55.483 +00:00:00"), freeQuotaUsed: 0, isVip: false, })
Login Error: Error [PrismaClientKnownRequestError]: 
Invalid `__TURBOPACK__imported__module__$5b$project$5d2f$src$2f$lib$2f$prisma$2e$ts__$5b$app$2d$rsc$5d$__$28$ecmascript$29$__["prisma"].user.create()` invocation in
/Users/linhuasun/Desktop/stock/mojin-ai/.next/dev/server/chunks/ssr/[root-of-the-server]__de9f20b5._.js:1200:158

  1197 });
  1198 let isNewUser = false;
  1199 if (!user) {
→ 1200     user = await __TURBOPACK__imported__module__$5b$project$5d2f$src$2f$lib$2f$prisma$2e$ts__$5b$app$2d$rsc$5d$__$28$ecmascript$29$__["prisma"].user.create(
Prisma needs to perform transactions, which requires your MongoDB server to be run as a replica set. https://pris.ly/d/mongodb-replica-set
    at <unknown> (src/app/actions/auth.ts:36:38)
    at async loginWithPhone (src/app/actions/auth.ts:36:20)
  34 |
  35 |         if (!user) {
> 36 |             user = await prisma.user.create({
     |                                      ^
  37 |                 data: {
  38 |                     phone,
  39 |                     // New user gets 0 quota used (meaning 1 free try available) {
  code: 'P2031',
  meta: [Object],
  clientVersion: '6.19.2'
}
 POST /report/600519.SH 200 in 373ms (compile: 4ms, render: 369ms)
prisma:query db.User.aggregate([ { $match: { $expr: { $and: [ { $and: [ { $and: [ { $eq: [ "$phone", { $literal: "18017588997", }, ], }, { $ne: [ "$phone", "$$REMOVE", ], }, ], }, ], }, { }, ], }, }, }, { $project: { _id: 1, phone: 1, createdAt: 1, updatedAt: 1, freeQuotaUsed: 1, isVip: 1, vipExpireDate: 1, }, }, ])
prisma:query db.User.insertOne({ phone: "18017588997", createdAt: DateTime("2026-02-01 10:08:57.865 +00:00:00"), updatedAt: DateTime("2026-02-01 10:08:57.865 +00:00:00"), freeQuotaUsed: 0, isVip: false, })
Login Error: Error [PrismaClientKnownRequestError]: 
Invalid `__TURBOPACK__imported__module__$5b$project$5d2f$src$2f$lib$2f$prisma$2e$ts__$5b$app$2d$rsc$5d$__$28$ecmascript$29$__["prisma"].user.create()` invocation in
/Users/linhuasun/Desktop/stock/mojin-ai/.next/dev/server/chunks/ssr/[root-of-the-server]__de9f20b5._.js:1200:158

  1197 });
  1198 let isNewUser = false;
  1199 if (!user) {
→ 1200     user = await __TURBOPACK__imported__module__$5b$project$5d2f$src$2f$lib$2f$prisma$2e$ts__$5b$app$2d$rsc$5d$__$28$ecmascript$29$__["prisma"].user.create(
Prisma needs to perform transactions, which requires your MongoDB server to be run as a replica set. https://pris.ly/d/mongodb-replica-set
    at <unknown> (src/app/actions/auth.ts:36:38)
    at async loginWithPhone (src/app/actions/auth.ts:36:20)
  34 |
  35 |         if (!user) {
> 36 |             user = await prisma.user.create({
     |                                      ^
  37 |                 data: {
  38 |                     phone,
  39 |                     // New user gets 0 quota used (meaning 1 free try available) {
  code: 'P2031',
  meta: [Object],
  clientVersion: '6.19.2'
}
 POST /report/600519.SH 200 in 245ms (compile: 5ms, render: 241ms)
[Mock SMS] Sending code 1234 to 13918155783
 POST /report/600519.SH 200 in 517ms (compile: 7ms, render: 510ms)
prisma:query db.User.aggregate([ { $match: { $expr: { $and: [ { $and: [ { $and: [ { $eq: [ "$phone", { $literal: "13918155783", }, ], }, { $ne: [ "$phone", "$$REMOVE", ], }, ], }, ], }, { }, ], }, }, }, { $project: { _id: 1, phone: 1, createdAt: 1, updatedAt: 1, freeQuotaUsed: 1, isVip: 1, vipExpireDate: 1, }, }, ])
prisma:query db.User.insertOne({ phone: "13918155783", createdAt: DateTime("2026-02-01 10:09:23.004 +00:00:00"), updatedAt: DateTime("2026-02-01 10:09:23.004 +00:00:00"), freeQuotaUsed: 0, isVip: false, })
Login Error: Error [PrismaClientKnownRequestError]: 
Invalid `__TURBOPACK__imported__module__$5b$project$5d2f$src$2f$lib$2f$prisma$2e$ts__$5b$app$2d$rsc$5d$__$28$ecmascript$29$__["prisma"].user.create()` invocation in
/Users/linhuasun/Desktop/stock/mojin-ai/.next/dev/server/chunks/ssr/[root-of-the-server]__de9f20b5._.js:1200:158

  1197 });
  1198 let isNewUser = false;
  1199 if (!user) {
→ 1200     user = await __TURBOPACK__imported__module__$5b$project$5d2f$src$2f$lib$2f$prisma$2e$ts__$5b$app$2d$rsc$5d$__$28$ecmascript$29$__["prisma"].user.create(
Prisma needs to perform transactions, which requires your MongoDB server to be run as a replica set. https://pris.ly/d/mongodb-replica-set
    at <unknown> (src/app/actions/auth.ts:36:38)
    at async loginWithPhone (src/app/actions/auth.ts:36:20)
  34 |
  35 |         if (!user) {
> 36 |             user = await prisma.user.create({
     |                                      ^
  37 |                 data: {
  38 |                     phone,
  39 |                     // New user gets 0 quota used (meaning 1 free try available) {
  code: 'P2031',
  meta: [Object],
  clientVersion: '6.19.2'
}
 POST /report/600519.SH 200 in 284ms (compile: 7ms, render: 277ms)
 GET /sw.js 404 in 31ms (compile: 5ms, render: 26ms)
✓ Compiled in 119ms
 GET /report/600519.SH 200 in 278ms (compile: 167ms, render: 111ms)
 GET /report/600519.SH 200 in 293ms (compile: 201ms, render: 92ms)
 GET /report/600519.SH 200 in 76ms (compile: 6ms, render: 70ms)
 GET /report/600519.SH 200 in 45ms (compile: 8ms, render: 37ms)
 GET / 200 in 191ms (compile: 66ms, render: 125ms)
 POST / 200 in 20ms (compile: 5ms, render: 15ms)
 GET /api/proxy/search?q=xin 200 in 3.0s (compile: 5ms, render: 3.0s)
 POST / 200 in 321ms (compile: 1582µs, render: 320ms)
 GET /report/600519.SH 200 in 16ms (compile: 6ms, render: 10ms)
 POST /report/600519.SH 200 in 40ms (compile: 5ms, render: 35ms)
 POST /report/600519.SH 200 in 20ms (compile: 7ms, render: 12ms)
 POST /report/600519.SH 200 in 8ms (compile: 4ms, render: 4ms)
 POST /report/600519.SH 200 in 10ms (compile: 2ms, render: 7ms)
 GET /api/proxy/search?q=%E8%8C%85%E5%8F%B0 200 in 3.0s (compile: 1178µs, render: 3.0s)
[Mock SMS] Sending code 1234 to 18017588997
 POST /report/600519.SH 200 in 514ms (compile: 6ms, render: 509ms)
[Auth] 开始登录流程: { phone: '18017588997', code: '1234' }
[Auth] 查找用户...
prisma:query db.User.aggregate([ { $match: { $expr: { $and: [ { $and: [ { $and: [ { $eq: [ "$phone", { $literal: "18017588997", }, ], }, { $ne: [ "$phone", "$$REMOVE", ], }, ], }, ], }, { }, ], }, }, }, { $project: { _id: 1, phone: 1, createdAt: 1, updatedAt: 1, freeQuotaUsed: 1, isVip: 1, vipExpireDate: 1, }, }, ])
[Auth] 用户不存在,创建新用户...
prisma:query db.User.insertOne({ phone: "18017588997", createdAt: DateTime("2026-02-01 10:14:17.503 +00:00:00"), updatedAt: DateTime("2026-02-01 10:14:17.503 +00:00:00"), freeQuotaUsed: 0, isVip: false, })
[Auth] 登录错误: Error [PrismaClientKnownRequestError]: 
Invalid `__TURBOPACK__imported__module__$5b$project$5d2f$src$2f$lib$2f$prisma$2e$ts__$5b$app$2d$rsc$5d$__$28$ecmascript$29$__["prisma"].user.create()` invocation in
/Users/linhuasun/Desktop/stock/mojin-ai/.next/dev/server/chunks/ssr/[root-of-the-server]__de9f20b5._.js:1207:158

  1204 let isNewUser = false;
  1205 if (!user) {
  1206     console.log('[Auth] 用户不存在,创建新用户...');
→ 1207     user = await __TURBOPACK__imported__module__$5b$project$5d2f$src$2f$lib$2f$prisma$2e$ts__$5b$app$2d$rsc$5d$__$28$ecmascript$29$__["prisma"].user.create(
Prisma needs to perform transactions, which requires your MongoDB server to be run as a replica set. https://pris.ly/d/mongodb-replica-set
    at <unknown> (src/app/actions/auth.ts:41:38)
    at async loginWithPhone (src/app/actions/auth.ts:41:20)
  39 |         if (!user) {
  40 |             console.log('[Auth] 用户不存在,创建新用户...');
> 41 |             user = await prisma.user.create({
     |                                      ^
  42 |                 data: {
  43 |                     phone,
  44 |                     // New user gets 0 quota used (meaning 1 free try available) {
  code: 'P2031',
  meta: [Object],
  clientVersion: '6.19.2'
}
 POST /report/600519.SH 200 in 294ms (compile: 7ms, render: 287ms)
 GET /sw.js 404 in 72ms (compile: 15ms, render: 57ms)
[?25h
